<?xml version="1.0" encoding="UTF-8"?>
<!-- Generated by org.testng.reporters.JUnitReportReporter -->
<testsuite skipped="0" hostname="A170LBJX" name="com.test.unosquare.amazonExample" tests="2" failures="0" timestamp="2020-04-21T12:58:01 CDT" time="24.388" errors="0">
  <testcase name="search_Product" time="22.949" classname="com.test.unosquare.amazonExample"/>
  <system-out/>
  <testcase name="account_Creation" time="1.439" classname="com.test.unosquare.amazonExample"/>
  <system-out/>
</testsuite> <!-- com.test.unosquare.amazonExample -->
